<?xml version="1.0" encoding="UTF-8"?>
<testng-results skipped="0" failed="0" total="1" passed="1">
  <reporter-output>
  </reporter-output>
  <suite name="Default suite" duration-ms="3163" started-at="2015-06-11T10:20:28Z" finished-at="2015-06-11T10:20:31Z">
    <groups>
    </groups>
    <test name="Default test" duration-ms="3163" started-at="2015-06-11T10:20:28Z" finished-at="2015-06-11T10:20:31Z">
      <class name="mainScripts.RestTest">
        <test-method status="PASS" signature="test()[pri:0, instance:mainScripts.RestTest@457e2f02]" name="test" duration-ms="3153" started-at="2015-06-11T15:50:28Z" finished-at="2015-06-11T15:50:31Z">
          <reporter-output>
          </reporter-output>
        </test-method> <!-- test -->
      </class> <!-- mainScripts.RestTest -->
    </test> <!-- Default test -->
  </suite> <!-- Default suite -->
</testng-results>
